#
# A fatal error has been detected by the Java Runtime Environment:
#
#  EXCEPTION_ACCESS_VIOLATION (0xc0000005) at pc=0x6d9aa03c, pid=7172, tid=8132
#
# JRE version: 6.0_18-b07
# Java VM: Java HotSpot(TM) Client VM (16.0-b13 mixed mode, sharing windows-x86 )
# Problematic frame:
# V  [jvm.dll+0xfa03c]
#
# If you would like to submit a bug report, please visit:
#   http://java.sun.com/webapps/bugreport/crash.jsp
#

---------------  T H R E A D  ---------------

Current thread (0x04b62800):  JavaThread "Java2D Disposer" daemon [_thread_in_vm, id=8132, stack(0x04e90000,0x04ee0000)]

siginfo: ExceptionCode=0xc0000005, reading address 0x00000000

Registers:
EAX=0x023e1158, EBX=0x00000000, ECX=0x00000000, EDX=0x04edf828
ESP=0x04edf818, EBP=0x04edf8f4, ESI=0x04b623f0, EDI=0x04b62800
EIP=0x6d9aa03c, EFLAGS=0x00010203

Top of Stack: (sp=0x04edf818)
0x04edf818:   04b62800 04b62910 023d5aa0 245db3a0
0x04edf828:   023e1158 04edf848 6d8b89fc 00000001
0x04edf838:   245db3a0 6d8b8a04 04b62800 245db3a0
0x04edf848:   04edf86c 6d8b8a95 023e1164 245db3a0
0x04edf858:   00000016 00000025 04b62800 00000016
0x04edf868:   023e1164 04edf890 6da9184d 04edf888
0x04edf878:   6da5d7f0 00000008 000014dd 0000002a
0x04edf888:   005e7da0 6d950192 000014dd 023e1154 

Instructions: (pc=0x6d9aa03c)
0x6d9aa02c:   01 8b 4d b0 8b 55 a4 8b 45 f4 89 04 8a ff 45 b0
0x6d9aa03c:   8b 03 8b 48 08 0f b7 51 2a 8b 40 0c 8b 4c 90 24 


Stack: [0x04e90000,0x04ee0000],  sp=0x04edf818,  free space=13e04edf2fck
Native frames: (J=compiled Java code, j=interpreted, Vv=VM code, C=native code)
V  [jvm.dll+0xfa03c]
V  [jvm.dll+0xfce97]
C  [awt.dll+0x6c50c]
j  java.awt.Cursor.finalizeImpl(J)V+0
j  java.awt.Cursor.access$000(J)V+1
j  java.awt.Cursor$CursorDisposer.dispose()V+13
j  sun.java2d.Disposer.run()V+26
j  java.lang.Thread.run()V+11
v  ~StubRoutines::call_stub
V  [jvm.dll+0xf072c]
V  [jvm.dll+0x17fd51]
V  [jvm.dll+0xf08f7]
V  [jvm.dll+0xf096d]
V  [jvm.dll+0x11a4c0]
V  [jvm.dll+0x1dd924]
V  [jvm.dll+0x17f9cc]
C  [msvcr71.dll+0x9565]
C  [kernel32.dll+0x13677]
C  [ntdll.dll+0x39f02]
C  [ntdll.dll+0x39ed5]

Java frames: (J=compiled Java code, j=interpreted, Vv=VM code)
j  java.awt.Cursor.finalizeImpl(J)V+0
j  java.awt.Cursor.access$000(J)V+1
j  java.awt.Cursor$CursorDisposer.dispose()V+13
j  sun.java2d.Disposer.run()V+26
j  java.lang.Thread.run()V+11
v  ~StubRoutines::call_stub

---------------  P R O C E S S  ---------------

Java Threads: ( => current thread )
  0x04ab1c00 JavaThread "TimerQueue" daemon [_thread_blocked, id=1328, stack(0x050f0000,0x05140000)]
  0x005ea000 JavaThread "DestroyJavaVM" [_thread_blocked, id=4056, stack(0x003b0000,0x00400000)]
  0x04b64000 JavaThread "AWT-EventQueue-0" [_thread_blocked, id=6540, stack(0x05040000,0x05090000)]
  0x04b63400 JavaThread "AWT-Shutdown" [_thread_blocked, id=4820, stack(0x04f20000,0x04f70000)]
=>0x04b62800 JavaThread "Java2D Disposer" daemon [_thread_in_vm, id=8132, stack(0x04e90000,0x04ee0000)]
  0x023df400 JavaThread "Low Memory Detector" daemon [_thread_blocked, id=3628, stack(0x04920000,0x04970000)]
  0x023d8400 JavaThread "CompilerThread0" daemon [_thread_blocked, id=6348, stack(0x04890000,0x048e0000)]
  0x023d7400 JavaThread "Attach Listener" daemon [_thread_blocked, id=7556, stack(0x04800000,0x04850000)]
  0x023d6400 JavaThread "Signal Dispatcher" daemon [_thread_blocked, id=6444, stack(0x04770000,0x047c0000)]
  0x02390800 JavaThread "Finalizer" daemon [_thread_blocked, id=184, stack(0x046e0000,0x04730000)]
  0x0238f400 JavaThread "Reference Handler" daemon [_thread_blocked, id=4744, stack(0x04650000,0x046a0000)]

Other Threads:
  0x0238e000 VMThread [stack: 0x045c0000,0x04610000] [id=7340]
  0x023e9800 WatcherThread [stack: 0x049b0000,0x04a00000] [id=1564]

VM state:not at safepoint (normal execution)

VM Mutex/Monitor currently owned by a thread: None

Heap
 def new generation   total 4928K, used 682K [0x245c0000, 0x24b10000, 0x29b10000)
  eden space 4416K,   4% used [0x245c0000, 0x245f1d10, 0x24a10000)
  from space 512K,  94% used [0x24a10000, 0x24a88cc0, 0x24a90000)
  to   space 512K,   0% used [0x24a90000, 0x24a90000, 0x24b10000)
 tenured generation   total 10944K, used 6113K [0x29b10000, 0x2a5c0000, 0x345c0000)
   the space 10944K,  55% used [0x29b10000, 0x2a1084b8, 0x2a108600, 0x2a5c0000)
 compacting perm gen  total 12288K, used 2603K [0x345c0000, 0x351c0000, 0x385c0000)
   the space 12288K,  21% used [0x345c0000, 0x3484aef0, 0x3484b000, 0x351c0000)
    ro space 10240K,  54% used [0x385c0000, 0x38b38290, 0x38b38400, 0x38fc0000)
    rw space 12288K,  55% used [0x38fc0000, 0x3965d1c0, 0x3965d200, 0x39bc0000)

Dynamic libraries:
0x00400000 - 0x00424000 	C:\Program Files (x86)\Java\jdk1.6.0_18\jre\bin\java.exe
0x77b90000 - 0x77d10000 	C:\Windows\SysWOW64\ntdll.dll
0x768d0000 - 0x769d0000 	C:\Windows\syswow64\kernel32.dll
0x77200000 - 0x77246000 	C:\Windows\syswow64\KERNELBASE.dll
0x76fb0000 - 0x77050000 	C:\Windows\syswow64\ADVAPI32.dll
0x77150000 - 0x771fc000 	C:\Windows\syswow64\msvcrt.dll
0x769d0000 - 0x769e9000 	C:\Windows\SysWOW64\sechost.dll
0x76ae0000 - 0x76bd0000 	C:\Windows\syswow64\RPCRT4.dll
0x75290000 - 0x752f0000 	C:\Windows\syswow64\SspiCli.dll
0x75280000 - 0x7528c000 	C:\Windows\syswow64\CRYPTBASE.dll
0x7c340000 - 0x7c396000 	C:\Program Files (x86)\Java\jdk1.6.0_18\jre\bin\msvcr71.dll
0x6d8b0000 - 0x6db47000 	C:\Program Files (x86)\Java\jdk1.6.0_18\jre\bin\client\jvm.dll
0x77050000 - 0x77150000 	C:\Windows\syswow64\USER32.dll
0x76e00000 - 0x76e90000 	C:\Windows\syswow64\GDI32.dll
0x76480000 - 0x7648a000 	C:\Windows\syswow64\LPK.dll
0x76200000 - 0x7629d000 	C:\Windows\syswow64\USP10.dll
0x73320000 - 0x73352000 	C:\Windows\system32\WINMM.dll
0x769f0000 - 0x76a50000 	C:\Windows\system32\IMM32.DLL
0x767d0000 - 0x7689c000 	C:\Windows\syswow64\MSCTF.dll
0x74d40000 - 0x74d8b000 	C:\Windows\system32\apphelp.dll
0x6d860000 - 0x6d86c000 	C:\Program Files (x86)\Java\jdk1.6.0_18\jre\bin\verify.dll
0x6d3e0000 - 0x6d3ff000 	C:\Program Files (x86)\Java\jdk1.6.0_18\jre\bin\java.dll
0x6d340000 - 0x6d348000 	C:\Program Files (x86)\Java\jdk1.6.0_18\jre\bin\hpi.dll
0x77b60000 - 0x77b65000 	C:\Windows\syswow64\PSAPI.DLL
0x6d8a0000 - 0x6d8af000 	C:\Program Files (x86)\Java\jdk1.6.0_18\jre\bin\zip.dll
0x6d0b0000 - 0x6d1fa000 	C:\Program Files (x86)\Java\jdk1.6.0_18\jre\bin\awt.dll
0x73190000 - 0x731e1000 	C:\Windows\system32\WINSPOOL.DRV
0x76670000 - 0x767cc000 	C:\Windows\syswow64\ole32.dll
0x72f20000 - 0x730be000 	C:\Windows\WinSxS\x86_microsoft.windows.common-controls_6595b64144ccf1df_6.0.7600.16661_none_420fe3fa2b8113bd\COMCTL32.dll
0x76f50000 - 0x76fa7000 	C:\Windows\syswow64\SHLWAPI.dll
0x745a0000 - 0x745b3000 	C:\Windows\system32\DWMAPI.DLL
0x722d0000 - 0x72350000 	C:\Windows\system32\uxtheme.dll
0x6d2e0000 - 0x6d334000 	C:\Program Files (x86)\Java\jdk1.6.0_18\jre\bin\fontmanager.dll
0x75440000 - 0x76089000 	C:\Windows\syswow64\shell32.dll
0x6d6c0000 - 0x6d6d3000 	C:\Program Files (x86)\Java\jdk1.6.0_18\jre\bin\net.dll
0x75370000 - 0x753a5000 	C:\Windows\syswow64\WS2_32.dll
0x75360000 - 0x75366000 	C:\Windows\syswow64\NSI.dll
0x736f0000 - 0x7372c000 	C:\Windows\system32\mswsock.dll
0x72c10000 - 0x72c16000 	C:\Windows\System32\wship6.dll
0x6d6e0000 - 0x6d6e9000 	C:\Program Files (x86)\Java\jdk1.6.0_18\jre\bin\nio.dll
0x736e0000 - 0x736e5000 	C:\Windows\System32\wshtcpip.dll
0x721d0000 - 0x72214000 	C:\Windows\system32\DNSAPI.dll
0x059c0000 - 0x059e7000 	C:\Program Files (x86)\Common Files\Microsoft Shared\Windows Live\WLIDNSP.DLL
0x73520000 - 0x7353c000 	C:\Windows\system32\IPHLPAPI.DLL
0x73510000 - 0x73517000 	C:\Windows\system32\WINNSI.DLL
0x72b50000 - 0x72b56000 	C:\Windows\system32\rasadhlp.dll
0x734a0000 - 0x734d8000 	C:\Windows\System32\fwpuclnt.dll
0x10000000 - 0x10038000 	C:\Program Files\WIDCOMM\Bluetooth Software\SysWOW64\BtMmHook.dll
0x753b0000 - 0x7543f000 	C:\Windows\syswow64\OLEAUT32.dll
0x6d250000 - 0x6d273000 	C:\Program Files (x86)\Java\jdk1.6.0_18\jre\bin\dcpr.dll
0x76a50000 - 0x76ad3000 	C:\Windows\syswow64\CLBCatQ.DLL
0x72bf0000 - 0x72c06000 	C:\Windows\system32\CRYPTSP.dll
0x72af0000 - 0x72b2b000 	C:\Windows\system32\rsaenh.dll
0x72ae0000 - 0x72aee000 	C:\Windows\system32\RpcRtRemote.dll

VM Arguments:
jvm_args: -Dfile.encoding=UTF-8 
java_command: gvisual.Main
Launcher Type: SUN_STANDARD

Environment Variables:
PATH=C:\gtkmm64\bin;C:\Program Files\Common Files\Microsoft Shared\Windows Live;C:\Program Files (x86)\Common Files\Microsoft Shared\Windows Live;C:\Windows\system32;C:\Windows;C:\Windows\System32\Wbem;C:\Windows\System32\WindowsPowerShell\v1.0\;C:\Program Files\WIDCOMM\Bluetooth Software\;C:\Program Files\WIDCOMM\Bluetooth Software\syswow64;C:\Program Files (x86)\ATI Technologies\ATI.ACE\Core-Static;C:\Program Files\Intel\WiFi\bin\;C:\Program Files\Common Files\Intel\WirelessCommon\;C:\Program Files (x86)\Sony\VAIO Startup Setting Tool;C:\Program Files (x86)\Windows Live\Shared;C:\Program Files (x86)\Gtk+\bin
USERNAME=user
OS=Windows_NT
PROCESSOR_IDENTIFIER=Intel64 Family 6 Model 42 Stepping 7, GenuineIntel



---------------  S Y S T E M  ---------------

OS: Windows 7 Build 7600 

CPU:total 4 (8 cores per cpu, 2 threads per core) family 6 model 42 stepping 7, cmov, cx8, fxsr, mmx, sse, sse2, sse3, ssse3, sse4.1, sse4.2, popcnt, ht

Memory: 4k page, physical 4103376k(1486156k free), swap 8204852k(5078216k free)

vm_info: Java HotSpot(TM) Client VM (16.0-b13) for windows-x86 JRE (1.6.0_18-b07), built on Dec 17 2009 13:35:55 by "java_re" with MS VC++ 7.1 (VS2003)

time: Tue Jun 28 22:11:07 2011
elapsed time: 71 seconds

